[2020-04-30 09:34:37] app.INFO: Protect vendor folder in module contactform [] []
[2020-04-30 09:34:37] app.INFO: Module contactform has no vendor folder [] []
[2020-04-30 09:34:37] app.INFO: Protect vendor folder in module dashactivity [] []
[2020-04-30 09:34:37] app.INFO: Module dashactivity has no vendor folder [] []
[2020-04-30 09:34:37] app.INFO: Protect vendor folder in module dashtrends [] []
[2020-04-30 09:34:37] app.INFO: Module dashtrends has no vendor folder [] []
[2020-04-30 09:34:38] app.INFO: Protect vendor folder in module dashgoals [] []
[2020-04-30 09:34:38] app.INFO: Module dashgoals has no vendor folder [] []
[2020-04-30 09:34:38] app.INFO: Protect vendor folder in module dashproducts [] []
[2020-04-30 09:34:38] app.INFO: Module dashproducts has no vendor folder [] []
[2020-04-30 09:34:38] app.INFO: Protect vendor folder in module graphnvd3 [] []
[2020-04-30 09:34:38] app.INFO: Module graphnvd3 has no vendor folder [] []
[2020-04-30 09:34:38] app.INFO: Protect vendor folder in module gridhtml [] []
[2020-04-30 09:34:38] app.INFO: Module gridhtml has no vendor folder [] []
[2020-04-30 09:34:39] app.INFO: Protect vendor folder in module gsitemap [] []
[2020-04-30 09:34:39] app.INFO: Module gsitemap has no vendor folder [] []
[2020-04-30 09:34:39] app.INFO: Protect vendor folder in module ps_banner [] []
[2020-04-30 09:34:39] app.INFO: Module ps_banner has no vendor folder [] []
[2020-04-30 09:34:39] app.INFO: Protect vendor folder in module ps_categorytree [] []
[2020-04-30 09:34:39] app.INFO: Module ps_categorytree has no vendor folder [] []
[2020-04-30 09:34:39] app.INFO: Protect vendor folder in module ps_checkpayment [] []
[2020-04-30 09:34:39] app.INFO: Module ps_checkpayment has no vendor folder [] []
[2020-04-30 09:34:39] app.INFO: Protect vendor folder in module ps_contactinfo [] []
[2020-04-30 09:34:39] app.INFO: Module ps_contactinfo has no vendor folder [] []
[2020-04-30 09:34:40] app.INFO: Protect vendor folder in module ps_currencyselector [] []
[2020-04-30 09:34:40] app.INFO: Module ps_currencyselector has no vendor folder [] []
[2020-04-30 09:34:40] app.INFO: Protect vendor folder in module ps_customeraccountlinks [] []
[2020-04-30 09:34:40] app.INFO: Module ps_customeraccountlinks has no vendor folder [] []
[2020-04-30 09:34:40] app.INFO: Protect vendor folder in module ps_customersignin [] []
[2020-04-30 09:34:40] app.INFO: Module ps_customersignin has no vendor folder [] []
[2020-04-30 09:34:40] app.INFO: Protect vendor folder in module ps_customtext [] []
[2020-04-30 09:34:40] app.INFO: Module ps_customtext has no vendor folder [] []
[2020-04-30 09:34:41] app.INFO: Protect vendor folder in module ps_emailsubscription [] []
[2020-04-30 09:34:41] app.INFO: Module ps_emailsubscription has no vendor folder [] []
[2020-04-30 09:34:42] app.INFO: Protect vendor folder in module ps_facetedsearch [] []
[2020-04-30 09:34:42] app.INFO: Module ps_facetedsearch has no vendor folder [] []
[2020-04-30 09:34:42] app.INFO: Protect vendor folder in module ps_faviconnotificationbo [] []
[2020-04-30 09:34:42] app.INFO: Module ps_faviconnotificationbo has no vendor folder [] []
[2020-04-30 09:34:43] app.INFO: Protect vendor folder in module ps_featuredproducts [] []
[2020-04-30 09:34:43] app.INFO: Module ps_featuredproducts has no vendor folder [] []
[2020-04-30 09:34:43] app.INFO: Protect vendor folder in module ps_imageslider [] []
[2020-04-30 09:34:43] app.INFO: Module ps_imageslider has no vendor folder [] []
[2020-04-30 09:34:43] app.INFO: Protect vendor folder in module ps_languageselector [] []
[2020-04-30 09:34:43] app.INFO: Module ps_languageselector has no vendor folder [] []
[2020-04-30 09:34:43] app.INFO: Protect vendor folder in module ps_linklist [] []
[2020-04-30 09:34:44] app.INFO: Module ps_linklist has no vendor folder [] []
[2020-04-30 09:34:44] app.ERROR: Class "AdminLinkWidgetController" not found in controllers/admin [] []
[2020-04-30 09:34:44] app.INFO: Protect vendor folder in module ps_mainmenu [] []
[2020-04-30 09:34:44] app.INFO: Module ps_mainmenu has no vendor folder [] []
[2020-04-30 09:34:44] app.INFO: Protect vendor folder in module ps_searchbar [] []
[2020-04-30 09:34:44] app.INFO: Module ps_searchbar has no vendor folder [] []
[2020-04-30 09:34:45] app.INFO: Protect vendor folder in module ps_sharebuttons [] []
[2020-04-30 09:34:45] app.INFO: Module ps_sharebuttons has no vendor folder [] []
[2020-04-30 09:34:45] app.INFO: Protect vendor folder in module ps_shoppingcart [] []
[2020-04-30 09:34:45] app.INFO: Module ps_shoppingcart has no vendor folder [] []
[2020-04-30 09:34:45] app.INFO: Protect vendor folder in module ps_socialfollow [] []
[2020-04-30 09:34:45] app.INFO: Module ps_socialfollow has no vendor folder [] []
[2020-04-30 09:34:45] app.INFO: Protect vendor folder in module ps_themecusto [] []
[2020-04-30 09:34:45] app.INFO: Module ps_themecusto has no vendor folder [] []
[2020-04-30 09:34:46] app.INFO: Protect vendor folder in module ps_wirepayment [] []
[2020-04-30 09:34:46] app.INFO: Module ps_wirepayment has no vendor folder [] []
[2020-04-30 09:34:46] app.INFO: Protect vendor folder in module pagesnotfound [] []
[2020-04-30 09:34:46] app.INFO: Module pagesnotfound has no vendor folder [] []
[2020-04-30 09:34:46] app.INFO: Protect vendor folder in module sekeywords [] []
[2020-04-30 09:34:46] app.INFO: Module sekeywords has no vendor folder [] []
[2020-04-30 09:34:46] app.INFO: Protect vendor folder in module statsbestcategories [] []
[2020-04-30 09:34:46] app.INFO: Module statsbestcategories has no vendor folder [] []
[2020-04-30 09:34:46] app.INFO: Protect vendor folder in module statsbestcustomers [] []
[2020-04-30 09:34:46] app.INFO: Module statsbestcustomers has no vendor folder [] []
[2020-04-30 09:34:46] app.INFO: Protect vendor folder in module statsbestproducts [] []
[2020-04-30 09:34:46] app.INFO: Module statsbestproducts has no vendor folder [] []
[2020-04-30 09:34:46] app.INFO: Protect vendor folder in module statsbestsuppliers [] []
[2020-04-30 09:34:46] app.INFO: Module statsbestsuppliers has no vendor folder [] []
[2020-04-30 09:34:46] app.INFO: Protect vendor folder in module statsbestvouchers [] []
[2020-04-30 09:34:46] app.INFO: Module statsbestvouchers has no vendor folder [] []
[2020-04-30 09:34:47] app.INFO: Protect vendor folder in module statscarrier [] []
[2020-04-30 09:34:47] app.INFO: Module statscarrier has no vendor folder [] []
[2020-04-30 09:34:47] app.INFO: Protect vendor folder in module statscatalog [] []
[2020-04-30 09:34:47] app.INFO: Module statscatalog has no vendor folder [] []
[2020-04-30 09:34:47] app.INFO: Protect vendor folder in module statscheckup [] []
[2020-04-30 09:34:47] app.INFO: Module statscheckup has no vendor folder [] []
[2020-04-30 09:34:47] app.INFO: Protect vendor folder in module statsdata [] []
[2020-04-30 09:34:47] app.INFO: Module statsdata has no vendor folder [] []
[2020-04-30 09:34:47] app.INFO: Protect vendor folder in module statsequipment [] []
[2020-04-30 09:34:47] app.INFO: Module statsequipment has no vendor folder [] []
[2020-04-30 09:34:47] app.INFO: Protect vendor folder in module statsforecast [] []
[2020-04-30 09:34:47] app.INFO: Module statsforecast has no vendor folder [] []
[2020-04-30 09:34:48] app.INFO: Protect vendor folder in module statslive [] []
[2020-04-30 09:34:48] app.INFO: Module statslive has no vendor folder [] []
[2020-04-30 09:34:48] app.INFO: Protect vendor folder in module statsnewsletter [] []
[2020-04-30 09:34:48] app.INFO: Module statsnewsletter has no vendor folder [] []
[2020-04-30 09:34:48] app.INFO: Protect vendor folder in module statsorigin [] []
[2020-04-30 09:34:48] app.INFO: Module statsorigin has no vendor folder [] []
[2020-04-30 09:34:48] app.INFO: Protect vendor folder in module statspersonalinfos [] []
[2020-04-30 09:34:48] app.INFO: Module statspersonalinfos has no vendor folder [] []
[2020-04-30 09:34:48] app.INFO: Protect vendor folder in module statsproduct [] []
[2020-04-30 09:34:48] app.INFO: Module statsproduct has no vendor folder [] []
[2020-04-30 09:34:48] app.INFO: Protect vendor folder in module statsregistrations [] []
[2020-04-30 09:34:48] app.INFO: Module statsregistrations has no vendor folder [] []
[2020-04-30 09:34:48] app.INFO: Protect vendor folder in module statssales [] []
[2020-04-30 09:34:48] app.INFO: Module statssales has no vendor folder [] []
[2020-04-30 09:34:49] app.INFO: Protect vendor folder in module statssearch [] []
[2020-04-30 09:34:49] app.INFO: Module statssearch has no vendor folder [] []
[2020-04-30 09:34:49] app.INFO: Protect vendor folder in module statsstock [] []
[2020-04-30 09:34:49] app.INFO: Module statsstock has no vendor folder [] []
[2020-04-30 09:34:49] app.INFO: Protect vendor folder in module statsvisits [] []
[2020-04-30 09:34:49] app.INFO: Module statsvisits has no vendor folder [] []
[2020-04-30 09:34:49] app.INFO: Protect vendor folder in module welcome [] []
[2020-04-30 09:34:51] app.INFO: Exporting mail with theme modern for language Français (French) [] []
[2020-04-30 09:34:51] app.INFO: Core output folder: /var/www/html/mails [] []
[2020-04-30 09:34:51] app.INFO: Modules output folder: /var/www/html/modules/ [] []
[2020-05-10 11:59:19] request.INFO: Matched route "admin_clear_cache". {"route":"admin_clear_cache","route_parameters":{"_controller":"PrestaShopBundle\\Controller\\Admin\\Configure\\AdvancedParameters\\PerformanceController::clearCacheAction","_legacy_controller":"AdminPerformance","_legacy_link":"AdminPerformance:empty_smarty_cache","_route":"admin_clear_cache"},"request_uri":"http://t56dq7lx4vbsty6w5lo7sgwmgz7uanh5z6cmoa6mdyyqtrzgrvlhn3id.onion/2642bc4jkg/index.php/configure/advanced/performance/clear-cache?_token=PFLhhXlRPwxvCsfxsa79AN9MQaQkVXV97ogAynhoR_s","method":"GET"} []
[2020-05-10 11:59:19] security.DEBUG: Read existing security token from the session. {"key":"_security_main","token_class":"Symfony\\Component\\Security\\Core\\Authentication\\Token\\UsernamePasswordToken"} []
[2020-05-10 11:59:19] security.DEBUG: User was reloaded from a user provider. {"provider":"PrestaShopBundle\\Security\\Admin\\EmployeeProvider","username":"gregoirelaratte@gmail.com"} []
[2020-05-10 11:59:19] request.CRITICAL: Uncaught PHP Exception Symfony\Component\Debug\Exception\OutOfMemoryException: "Error: Allowed memory size of 16777216 bytes exhausted (tried to allocate 2097160 bytes)" at /var/www/html/classes/PrestaShopAutoload.php line 295 {"exception":"[object] (Symfony\\Component\\Debug\\Exception\\OutOfMemoryException(code: 0): Error: Allowed memory size of 16777216 bytes exhausted (tried to allocate 2097160 bytes) at /var/www/html/classes/PrestaShopAutoload.php:295)"} []
[2020-05-10 11:59:19] security.DEBUG: Stored the security token in the session. {"key":"_security_main"} []
[2020-05-10 13:35:41] request.INFO: Matched route "admin_themes_index". {"route":"admin_themes_index","route_parameters":{"_controller":"PrestaShopBundle\\Controller\\Admin\\Improve\\Design\\ThemeController::indexAction","_legacy_controller":"AdminThemes","_legacy_link":"AdminThemes","_route":"admin_themes_index"},"request_uri":"http://t56dq7lx4vbsty6w5lo7sgwmgz7uanh5z6cmoa6mdyyqtrzgrvlhn3id.onion/2642bc4jkg/index.php/improve/design/themes/?_token=PFLhhXlRPwxvCsfxsa79AN9MQaQkVXV97ogAynhoR_s","method":"GET"} []
[2020-05-10 13:35:41] security.DEBUG: Read existing security token from the session. {"key":"_security_main","token_class":"Symfony\\Component\\Security\\Core\\Authentication\\Token\\UsernamePasswordToken"} []
[2020-05-10 13:35:41] security.DEBUG: User was reloaded from a user provider. {"provider":"PrestaShopBundle\\Security\\Admin\\EmployeeProvider","username":"gregoirelaratte@gmail.com"} []
[2020-05-10 13:35:42] request.CRITICAL: Uncaught PHP Exception Symfony\Component\Debug\Exception\OutOfMemoryException: "Error: Allowed memory size of 16777216 bytes exhausted (tried to allocate 581632 bytes)" at /var/www/html/classes/controller/AdminController.php line 2248 {"exception":"[object] (Symfony\\Component\\Debug\\Exception\\OutOfMemoryException(code: 0): Error: Allowed memory size of 16777216 bytes exhausted (tried to allocate 581632 bytes) at /var/www/html/classes/controller/AdminController.php:2248)"} []
[2020-05-10 13:36:51] request.INFO: Matched route "admin_themes_index". {"route":"admin_themes_index","route_parameters":{"_controller":"PrestaShopBundle\\Controller\\Admin\\Improve\\Design\\ThemeController::indexAction","_legacy_controller":"AdminThemes","_legacy_link":"AdminThemes","_route":"admin_themes_index"},"request_uri":"http://t56dq7lx4vbsty6w5lo7sgwmgz7uanh5z6cmoa6mdyyqtrzgrvlhn3id.onion/2642bc4jkg/index.php/improve/design/themes/?_token=PFLhhXlRPwxvCsfxsa79AN9MQaQkVXV97ogAynhoR_s","method":"GET"} []
[2020-05-10 13:36:51] security.DEBUG: Read existing security token from the session. {"key":"_security_main","token_class":"Symfony\\Component\\Security\\Core\\Authentication\\Token\\UsernamePasswordToken"} []
[2020-05-10 13:36:51] security.DEBUG: User was reloaded from a user provider. {"provider":"PrestaShopBundle\\Security\\Admin\\EmployeeProvider","username":"gregoirelaratte@gmail.com"} []
[2020-05-10 13:36:52] request.CRITICAL: Uncaught PHP Exception Symfony\Component\Debug\Exception\OutOfMemoryException: "Error: Allowed memory size of 16777216 bytes exhausted (tried to allocate 581632 bytes)" at /var/www/html/classes/controller/AdminController.php line 2248 {"exception":"[object] (Symfony\\Component\\Debug\\Exception\\OutOfMemoryException(code: 0): Error: Allowed memory size of 16777216 bytes exhausted (tried to allocate 581632 bytes) at /var/www/html/classes/controller/AdminController.php:2248)"} []
[2020-05-10 13:37:09] request.INFO: Matched route "admin_module_manage". {"route":"admin_module_manage","route_parameters":{"category":null,"keyword":null,"_controller":"PrestaShopBundle\\Controller\\Admin\\Improve\\ModuleController::manageAction","_legacy_controller":"AdminModulesManage","_legacy_link":["AdminModulesManage","AdminModulesSf"],"_route":"admin_module_manage"},"request_uri":"http://t56dq7lx4vbsty6w5lo7sgwmgz7uanh5z6cmoa6mdyyqtrzgrvlhn3id.onion/2642bc4jkg/index.php/improve/modules/manage?_token=PFLhhXlRPwxvCsfxsa79AN9MQaQkVXV97ogAynhoR_s","method":"GET"} []
[2020-05-10 13:37:09] security.DEBUG: Read existing security token from the session. {"key":"_security_main","token_class":"Symfony\\Component\\Security\\Core\\Authentication\\Token\\UsernamePasswordToken"} []
[2020-05-10 13:37:09] security.DEBUG: User was reloaded from a user provider. {"provider":"PrestaShopBundle\\Security\\Admin\\EmployeeProvider","username":"gregoirelaratte@gmail.com"} []
[2020-05-10 13:37:14] request.CRITICAL: Uncaught PHP Exception Symfony\Component\Debug\Exception\OutOfMemoryException: "Error: Allowed memory size of 16777216 bytes exhausted (tried to allocate 303104 bytes)" at /var/www/html/var/cache/prod/twig/26/2676c3abae85672bffee52a26c07b7bfca1eb3b4c95994cd68b8c736309875d9.php line 123 {"exception":"[object] (Symfony\\Component\\Debug\\Exception\\OutOfMemoryException(code: 0): Error: Allowed memory size of 16777216 bytes exhausted (tried to allocate 303104 bytes) at /var/www/html/var/cache/prod/twig/26/2676c3abae85672bffee52a26c07b7bfca1eb3b4c95994cd68b8c736309875d9.php:123)"} []
